<?xml version="1.0" encoding="UTF-8"?>
<!-- Generated by org.testng.reporters.JUnitReportReporter -->
<testsuite hostname="LAPTOP-JJV6GVFT" failures="0" tests="1" name="test.MyClass" time="0.008" errors="0" timestamp="24 Feb 2023 06:44:10 GMT" skipped="0">
  <testcase classname="test.MyClass" name="test1" time="0.008"/>
</testsuite> <!-- test.MyClass -->
